
> skin-zone-app@0.0.0 lint /home/ubuntu/skin-zone/skin-zone-app
> eslint .


/home/ubuntu/skin-zone/skin-zone-app/src/App.jsx
    1:20  error  'useEffect' is defined but never used. Allowed unused vars must match /^[A-Z_]/u                   no-unused-vars
   30:26  error  'setSynergyMetrics' is assigned a value but never used. Allowed unused vars must match /^[A-Z_]/u  no-unused-vars
  148:23  error  'setIngredients' is assigned a value but never used. Allowed unused vars must match /^[A-Z_]/u     no-unused-vars
  290:18  error  'setSalons' is assigned a value but never used. Allowed unused vars must match /^[A-Z_]/u          no-unused-vars
  397:23  error  'activeTab' is defined but never used                                                              no-unused-vars
  397:34  error  'setActiveTab' is defined but never used                                                           no-unused-vars

/home/ubuntu/skin-zone/skin-zone-app/src/components/CognitiveSynergy.jsx
  117:24  error  'setNetworkStats' is assigned a value but never used. Allowed unused vars must match /^[A-Z_]/u        no-unused-vars
  190:30  error  'setHemisphereActivity' is assigned a value but never used. Allowed unused vars must match /^[A-Z_]/u  no-unused-vars
  310:10  error  'realTimeData' is assigned a value but never used. Allowed unused vars must match /^[A-Z_]/u           no-unused-vars
  310:24  error  'setRealTimeData' is assigned a value but never used. Allowed unused vars must match /^[A-Z_]/u        no-unused-vars

/home/ubuntu/skin-zone/skin-zone-app/src/components/CognitiveSynergyEnhanced.jsx
  127:9  error  'getMetricColor' is assigned a value but never used. Allowed unused vars must match /^[A-Z_]/u  no-unused-vars

/home/ubuntu/skin-zone/skin-zone-app/src/components/HypergraphVisualization.jsx
   10:22  error    'setDimensions' is assigned a value but never used. Allowed unused vars must match /^[A-Z_]/u                  no-unused-vars
  182:6   warning  React Hook useEffect has a missing dependency: 'nodeColors'. Either include it or remove the dependency array  react-hooks/exhaustive-deps

/home/ubuntu/skin-zone/skin-zone-app/src/components/RealTimeCognitiveMetrics.jsx
  30:9  error  'getProgressColor' is assigned a value but never used. Allowed unused vars must match /^[A-Z_]/u  no-unused-vars

/home/ubuntu/skin-zone/skin-zone-app/src/components/ui/badge.jsx
  44:17  warning  Fast refresh only works when a file only exports components. Use a new file to share constants or functions between components  react-refresh/only-export-components

/home/ubuntu/skin-zone/skin-zone-app/src/components/ui/button.jsx
  55:18  warning  Fast refresh only works when a file only exports components. Use a new file to share constants or functions between components  react-refresh/only-export-components

/home/ubuntu/skin-zone/skin-zone-app/src/components/ui/form.jsx
  135:3  warning  Fast refresh only works when a file only exports components. Use a new file to share constants or functions between components  react-refresh/only-export-components

/home/ubuntu/skin-zone/skin-zone-app/src/components/ui/navigation-menu.jsx
  151:3  warning  Fast refresh only works when a file only exports components. Use a new file to share constants or functions between components  react-refresh/only-export-components

/home/ubuntu/skin-zone/skin-zone-app/src/components/ui/sidebar.jsx
  681:3  warning  Fast refresh only works when a file only exports components. Use a new file to share constants or functions between components  react-refresh/only-export-components

/home/ubuntu/skin-zone/skin-zone-app/src/components/ui/toggle.jsx
  43:18  warning  Fast refresh only works when a file only exports components. Use a new file to share constants or functions between components  react-refresh/only-export-components

/home/ubuntu/skin-zone/skin-zone-app/src/lib/supabase.js
  5:58  error  'process' is not defined  no-undef
  6:67  error  'process' is not defined  no-undef

/home/ubuntu/skin-zone/skin-zone-app/vite.config.js
  11:25  error  '__dirname' is not defined  no-undef

✖ 23 problems (16 errors, 7 warnings)

 ELIFECYCLE  Command failed with exit code 1.
